This is pdfTeX, Version 3.14159265-2.6-1.40.20 (MiKTeX 2.9.7250 64-bit) (preloaded format=pdflatex 2020.1.4)  4 JAN 2020 15:17
entering extended mode
**D:/Projects/MAS_Homework/document/main.tex
(D:/Projects/MAS_Homework/document/main.tex
LaTeX2e <2019-10-01> patch level 3

("D:\Users\Neil Mizzi\AppData\Local\Programs\MiKTeX 2.9\tex/latex/base\article.
cls"
Document Class: article 2019/10/25 v1.4k Standard LaTeX document class

("D:\Users\Neil Mizzi\AppData\Local\Programs\MiKTeX 2.9\tex/latex/base\size10.c
lo"
File: size10.clo 2019/10/25 v1.4k Standard LaTeX file (size option)
)
\c@part=\count80
\c@section=\count81
\c@subsection=\count82
\c@subsubsection=\count83
\c@paragraph=\count84
\c@subparagraph=\count85
\c@figure=\count86
\c@table=\count87
\abovecaptionskip=\skip41
\belowcaptionskip=\skip42
\bibindent=\dimen102
) (D:/Projects/MAS_Homework/document\fun3style.sty
Package: fun3style 2019/07/30 Style File for Fun 3 (electrostatics and magnetos
tatics)


! LaTeX Error: File `geometry.sty' not found.

Type X to quit or <RETURN> to proceed,
or enter new name. (Default extension: sty)

Enter file name: 
! Undefined control sequence.
<recently read> \geometry 
                          
l.5 	\geometry
              {top=1.5in,left=1in, right=1in, bottom = 1.5in}
? 

! LaTeX Error: Missing \begin{document}.

See the LaTeX manual or LaTeX Companion for explanation.
Type  H <return>  for immediate help.
 ...                                              
                                                  
l.5 	\geometry{t
                op=1.5in,left=1in, right=1in, bottom = 1.5in}
? 

("D:\Users\Neil Mizzi\AppData\Local\Programs\MiKTeX 2.9\tex/latex/graphics\grap
hicx.sty"
Package: graphicx 2017/06/01 v1.1a Enhanced LaTeX Graphics (DPC,SPQR)

("D:\Users\Neil Mizzi\AppData\Local\Programs\MiKTeX 2.9\tex/latex/graphics\keyv
al.sty"
Package: keyval 2014/10/28 v1.15 key=value parser (DPC)
\KV@toks@=\toks14
)
("D:\Users\Neil Mizzi\AppData\Local\Programs\MiKTeX 2.9\tex/latex/graphics\grap
hics.sty"
Package: graphics 2019/11/01 v1.3d Standard LaTeX Graphics (DPC,SPQR)

("D:\Users\Neil Mizzi\AppData\Local\Programs\MiKTeX 2.9\tex/latex/graphics\trig
.sty"
Package: trig 2016/01/03 v1.10 sin cos tan (DPC)
)
("D:\Users\Neil Mizzi\AppData\Local\Programs\MiKTeX 2.9\tex/latex/graphics-cfg\
graphics.cfg"
File: graphics.cfg 2016/06/04 v1.11 sample graphics configuration
)
Package graphics Info: Driver file: pdftex.def on input line 105.

("D:\Users\Neil Mizzi\AppData\Local\Programs\MiKTeX 2.9\tex/latex/graphics-def\
pdftex.def"
File: pdftex.def 2018/01/08 v1.0l Graphics/color driver for pdftex
))
\Gin@req@height=\dimen103
\Gin@req@width=\dimen104
)

! LaTeX Error: File `physics.sty' not found.

Type X to quit or <RETURN> to proceed,
or enter new name. (Default extension: sty)

Enter file name: 

! LaTeX Error: File `siunitx.sty' not found.

Type X to quit or <RETURN> to proceed,
or enter new name. (Default extension: sty)

Enter file name: 
! Undefined control sequence.
l.23 	    \sisetup
                  {separate-uncertainty = true}
? 

! LaTeX Error: Missing \begin{document}.

See the LaTeX manual or LaTeX Companion for explanation.
Type  H <return>  for immediate help.
 ...                                              
                                                  
l.23 	    \sisetup{s
                    eparate-uncertainty = true}
? 
! Undefined control sequence.
l.24     	\sisetup
                  {multi-part-units = single}
? 
! Undefined control sequence.
l.25     	\sisetup
                  {load-configurations = abbreviations}
? 
! Undefined control sequence.
l.26     	\sisetup
                  {unitspace = { } \cdot { } }
? 
! Missing $ inserted.
<inserted text> 
                $
l.26     	\sisetup{unitspace = { } \cdot
                                         { } }
? 
LaTeX Font Info:    External font `cmex10' loaded for size
(Font)              <7> on input line 26.
LaTeX Font Info:    External font `cmex10' loaded for size
(Font)              <5> on input line 26.
! Extra }, or forgotten $.
l.26     	\sisetup{unitspace = { } \cdot { } }
                                              
? 
! Undefined control sequence.
l.27     	\sisetup
                  {per-mode = symbol}
? 
! Undefined control sequence.
l.29 		\DeclareSIUnit
                     \y{y}
? 
! Undefined control sequence.
l.29 		\DeclareSIUnit\y
                       {y}
? 
! Undefined control sequence.
l.30 		\DeclareSIUnit
                     \year{y}
? 
! Missing number, treated as zero.
<to be read again> 
                   {
l.30 		\DeclareSIUnit\year{
                           y}
? 
! Undefined control sequence.
l.31 		\DeclareSIUnit
                     \min{\minute}
? 
! Undefined control sequence.
l.31 		\DeclareSIUnit\min{\minute
                                 }
? 
! Undefined control sequence.
l.32 		\DeclareSIUnit
                     \h{h}
? 
! Undefined control sequence.
l.32 		\DeclareSIUnit\h
                       {h}
? 
! Undefined control sequence.
l.33 		\DeclareSIUnit
                     \hour{h}
? 
! Undefined control sequence.
l.33 		\DeclareSIUnit\hour
                          {h}
? 
! Missing $ inserted.
<inserted text> 
                $
l.34 
     
? 

! LaTeX Error: File `mathtools.sty' not found.

Type X to quit or <RETURN> to proceed,
or enter new name. (Default extension: sty)

Enter file name: 

! LaTeX Error: Unknown option `tbtags' for package `mathtools'.

See the LaTeX manual or LaTeX Companion for explanation.
Type  H <return>  for immediate help.
 ...                                              
                                                  
l.58 
     
? 

! LaTeX Error: File `tabu.sty' not found.

Type X to quit or <RETURN> to proceed,
or enter new name. (Default extension: sty)

Enter file name: 

! LaTeX Error: File `multirow.sty' not found.

Type X to quit or <RETURN> to proceed,
or enter new name. (Default extension: sty)

Enter file name: 

("D:\Users\Neil Mizzi\AppData\Local\Programs\MiKTeX 2.9\tex/latex/tools\longtab
le.sty"
Package: longtable 2019/02/06 v4.12 Multi-page Table package (DPC)
\LTleft=\skip43
\LTright=\skip44
\LTpre=\skip45
\LTpost=\skip46
\LTchunksize=\count88
\LTcapwidth=\dimen105
\LT@head=\box27
\LT@firsthead=\box28
\LT@foot=\box29
\LT@lastfoot=\box30
\LT@cols=\count89
\LT@rows=\count90
\c@LT@tables=\count91
\c@LT@chunks=\count92
\LT@p@ftn=\toks15
)
("D:\Users\Neil Mizzi\AppData\Local\Programs\MiKTeX 2.9\tex/latex/url\url.sty"
\Urlmuskip=\muskip10
Package: url 2013/09/16  ver 3.4  Verb mode for urls, etc.
)
("D:\Users\Neil Mizzi\AppData\Local\Programs\MiKTeX 2.9\tex/latex/hyperref\hype
rref.sty"
Package: hyperref 2019/11/10 v7.00c Hypertext links for LaTeX

("D:\Users\Neil Mizzi\AppData\Local\Programs\MiKTeX 2.9\tex/generic/oberdiek\lt
xcmds.sty"
Package: ltxcmds 2016/05/16 v1.23 LaTeX kernel commands for general use (HO)
)
("D:\Users\Neil Mizzi\AppData\Local\Programs\MiKTeX 2.9\tex/generic/iftex\iftex
.sty"
Package: iftex 2019/11/07 v1.0c TeX engine tests
)
("D:\Users\Neil Mizzi\AppData\Local\Programs\MiKTeX 2.9\tex/latex/pdftexcmds\pd
ftexcmds.sty"
Package: pdftexcmds 2019/11/24 v0.31 Utility functions of pdfTeX for LuaTeX (HO
)

("D:\Users\Neil Mizzi\AppData\Local\Programs\MiKTeX 2.9\tex/generic/oberdiek\in
fwarerr.sty"
Package: infwarerr 2016/05/16 v1.4 Providing info/warning/error messages (HO)
)
Package pdftexcmds Info: \pdf@primitive is available.
Package pdftexcmds Info: \pdf@ifprimitive is available.
Package pdftexcmds Info: \pdfdraftmode found.
)
("D:\Users\Neil Mizzi\AppData\Local\Programs\MiKTeX 2.9\tex/generic/oberdiek\kv
setkeys.sty"
Package: kvsetkeys 2016/05/16 v1.17 Key value parser (HO)

("D:\Users\Neil Mizzi\AppData\Local\Programs\MiKTeX 2.9\tex/generic/oberdiek\et
excmds.sty"
Package: etexcmds 2016/05/16 v1.6 Avoid name clashes with e-TeX commands (HO)

("D:\Users\Neil Mizzi\AppData\Local\Programs\MiKTeX 2.9\tex/generic/iftex\iflua
tex.sty"
Package: ifluatex 2019/10/25 v1.5 ifluatex legacy package. Use iftex instead.
)))
("D:\Users\Neil Mizzi\AppData\Local\Programs\MiKTeX 2.9\tex/generic/oberdiek\kv
definekeys.sty"
Package: kvdefinekeys 2016/05/16 v1.4 Define keys (HO)
)
("D:\Users\Neil Mizzi\AppData\Local\Programs\MiKTeX 2.9\tex/generic/oberdiek\pd
fescape.sty"
Package: pdfescape 2016/05/16 v1.14 Implements pdfTeX's escape features (HO)
)
("D:\Users\Neil Mizzi\AppData\Local\Programs\MiKTeX 2.9\tex/latex/oberdiek\hyco
lor.sty"
Package: hycolor 2016/05/16 v1.8 Color options for hyperref/bookmark (HO)

("D:\Users\Neil Mizzi\AppData\Local\Programs\MiKTeX 2.9\tex/latex/oberdiek\xcol
or-patch.sty"
Package: xcolor-patch 2016/05/16 xcolor patch

("D:\Users\Neil Mizzi\AppData\Local\Programs\MiKTeX 2.9\tex/latex/oberdiek\hopa
tch.sty"
Package: hopatch 2016/05/16 v1.3 Wrapper for package hooks (HO)
)))
("D:\Users\Neil Mizzi\AppData\Local\Programs\MiKTeX 2.9\tex/latex/oberdiek\letl
txmacro.sty"
Package: letltxmacro 2016/05/16 v1.5 Let assignment for LaTeX macros (HO)
)
("D:\Users\Neil Mizzi\AppData\Local\Programs\MiKTeX 2.9\tex/latex/oberdiek\auxh
ook.sty"
Package: auxhook 2016/05/16 v1.4 Hooks for auxiliary files (HO)
)
("D:\Users\Neil Mizzi\AppData\Local\Programs\MiKTeX 2.9\tex/latex/oberdiek\kvop
tions.sty"
Package: kvoptions 2016/05/16 v3.12 Key value format for package options (HO)
)
\@linkdim=\dimen106
\Hy@linkcounter=\count93
\Hy@pagecounter=\count94

("D:\Users\Neil Mizzi\AppData\Local\Programs\MiKTeX 2.9\tex/latex/hyperref\pd1e
nc.def"
File: pd1enc.def 2019/11/10 v7.00c Hyperref: PDFDocEncoding definition (HO)
Now handling font encoding PD1 ...
... no UTF-8 mapping file for font encoding PD1
)
("D:\Users\Neil Mizzi\AppData\Local\Programs\MiKTeX 2.9\tex/generic/oberdiek\in
tcalc.sty"
Package: intcalc 2016/05/16 v1.2 Expandable calculations with integers (HO)
)
\Hy@SavedSpaceFactor=\count95

("D:\Users\Neil Mizzi\AppData\Local\Programs\MiKTeX 2.9\tex/latex/00miktex\hype
rref.cfg"
File: hyperref.cfg 2002/06/06 v1.2 hyperref configuration of TeXLive
)
Package hyperref Info: Hyper figures OFF on input line 4535.
Package hyperref Info: Link nesting OFF on input line 4540.
Package hyperref Info: Hyper index ON on input line 4543.
Package hyperref Info: Plain pages OFF on input line 4550.
Package hyperref Info: Backreferencing OFF on input line 4555.
Package hyperref Info: Implicit mode ON; LaTeX internals redefined.
Package hyperref Info: Bookmarks ON on input line 4788.
\c@Hy@tempcnt=\count96
LaTeX Info: Redefining \url on input line 5147.
\XeTeXLinkMargin=\dimen107

("D:\Users\Neil Mizzi\AppData\Local\Programs\MiKTeX 2.9\tex/generic/oberdiek\bi
tset.sty"
Package: bitset 2016/05/16 v1.2 Handle bit-vector datatype (HO)

("D:\Users\Neil Mizzi\AppData\Local\Programs\MiKTeX 2.9\tex/generic/oberdiek\bi
gintcalc.sty"
Package: bigintcalc 2016/05/16 v1.4 Expandable calculations on big integers (HO
)
))
\Fld@menulength=\count97
\Field@Width=\dimen108
\Fld@charsize=\dimen109
Package hyperref Info: Hyper figures OFF on input line 6418.
Package hyperref Info: Link nesting OFF on input line 6423.
Package hyperref Info: Hyper index ON on input line 6426.
Package hyperref Info: backreferencing OFF on input line 6433.
Package hyperref Info: Link coloring OFF on input line 6438.
Package hyperref Info: Link coloring with OCG OFF on input line 6443.
Package hyperref Info: PDF/A mode OFF on input line 6448.
LaTeX Info: Redefining \ref on input line 6488.
LaTeX Info: Redefining \pageref on input line 6492.

("D:\Users\Neil Mizzi\AppData\Local\Programs\MiKTeX 2.9\tex/generic/oberdiek\at
begshi.sty"
Package: atbegshi 2016/06/09 v1.18 At begin shipout hook (HO)

("D:\Users\Neil Mizzi\AppData\Local\Programs\MiKTeX 2.9\tex/generic/iftex\ifpdf
.sty"
Package: ifpdf 2019/10/25 v3.4 ifpdf legacy package. Use iftex instead.
))
\Hy@abspage=\count98
\c@Item=\count99
\c@Hfootnote=\count100
)
Package hyperref Info: Driver (autodetected): hpdftex.

("D:\Users\Neil Mizzi\AppData\Local\Programs\MiKTeX 2.9\tex/latex/hyperref\hpdf
tex.def"
File: hpdftex.def 2019/11/10 v7.00c Hyperref driver for pdfTeX

("D:\Users\Neil Mizzi\AppData\Local\Programs\MiKTeX 2.9\tex/latex/oberdiek\atve
ryend.sty"
Package: atveryend 2016/05/16 v1.9 Hooks at the very end of document (HO)
Package atveryend Info: \enddocument detected (standard20110627).
)
\Fld@listcount=\count101
\c@bookmark@seq@number=\count102

("D:\Users\Neil Mizzi\AppData\Local\Programs\MiKTeX 2.9\tex/latex/oberdiek\reru
nfilecheck.sty"
Package: rerunfilecheck 2016/05/16 v1.8 Rerun checks for auxiliary files (HO)

("D:\Users\Neil Mizzi\AppData\Local\Programs\MiKTeX 2.9\tex/generic/oberdiek\un
iquecounter.sty"
Package: uniquecounter 2016/05/16 v1.3 Provide unlimited unique counter (HO)
)
Package uniquecounter Info: New unique counter `rerunfilecheck' on input line 2
85.
)
\Hy@SectionHShift=\skip47
)
Package hyperref Info: Option `colorlinks' set `true' on input line 70.


! LaTeX Error: File `cleveref.sty' not found.

Type X to quit or <RETURN> to proceed,
or enter new name. (Default extension: sty)

Enter file name: 
! Undefined control sequence.
<recently read> \crefname 
                          
l.73 	\crefname
               {subsection}{subsection}{subsections}
? 

! LaTeX Error: Missing \begin{document}.

See the LaTeX manual or LaTeX Companion for explanation.
Type  H <return>  for immediate help.
 ...                                              
                                                  
l.73 	\crefname{s
                 ubsection}{subsection}{subsections}
? 
! Undefined control sequence.
l.74     \crefname
                  {subsubsection}{subsubsection}{subsubsections}
? 
)

! LaTeX Error: File `enumitem.sty' not found.

Type X to quit or <RETURN> to proceed,
or enter new name. (Default extension: sty)

Enter file name: 

! LaTeX Error: Unknown option `shortlabels' for package `enumitem'.

See the LaTeX manual or LaTeX Companion for explanation.
Type  H <return>  for immediate help.
 ...                                              
                                                  
l.6 \usepackage
               {multirow}
? 

! LaTeX Error: File `float.sty' not found.

Type X to quit or <RETURN> to proceed,
or enter new name. (Default extension: sty)

Enter file name: 

! LaTeX Error: File `forest.sty' not found.

Type X to quit or <RETURN> to proceed,
or enter new name. (Default extension: sty)

Enter file name: 

! LaTeX Error: File `csvsimple.sty' not found.

Type X to quit or <RETURN> to proceed,
or enter new name. (Default extension: sty)

Enter file name: 
! Undefined control sequence.
l.16 \restylefloat
                  {table}
? 

! LaTeX Error: Missing \begin{document}.

See the LaTeX manual or LaTeX Companion for explanation.
Type  H <return>  for immediate help.
 ...                                              
                                                  
l.16 \restylefloat{t
                    able}
? 
(D:/Projects/MAS_Homework/document\main.aux)
\openout1 = `main.aux'.

LaTeX Font Info:    Checking defaults for OML/cmm/m/it on input line 18.
LaTeX Font Info:    ... okay on input line 18.
LaTeX Font Info:    Checking defaults for T1/cmr/m/n on input line 18.
LaTeX Font Info:    ... okay on input line 18.
LaTeX Font Info:    Checking defaults for OT1/cmr/m/n on input line 18.
LaTeX Font Info:    ... okay on input line 18.
LaTeX Font Info:    Checking defaults for OMS/cmsy/m/n on input line 18.
LaTeX Font Info:    ... okay on input line 18.
LaTeX Font Info:    Checking defaults for OMX/cmex/m/n on input line 18.
LaTeX Font Info:    ... okay on input line 18.
LaTeX Font Info:    Checking defaults for U/cmr/m/n on input line 18.
LaTeX Font Info:    ... okay on input line 18.
LaTeX Font Info:    Checking defaults for PD1/pdf/m/n on input line 18.
LaTeX Font Info:    ... okay on input line 18.

("D:\Users\Neil Mizzi\AppData\Local\Programs\MiKTeX 2.9\tex/context/base/mkii\s
upp-pdf.mkii"
[Loading MPS to PDF converter (version 2006.09.02).]
\scratchcounter=\count103
\scratchdimen=\dimen110
\scratchbox=\box31
\nofMPsegments=\count104
\nofMParguments=\count105
\everyMPshowfont=\toks16
\MPscratchCnt=\count106
\MPscratchDim=\dimen111
\MPnumerator=\count107
\makeMPintoPDFobject=\count108
\everyMPtoPDFconversion=\toks17
)
("D:\Users\Neil Mizzi\AppData\Local\Programs\MiKTeX 2.9\tex/latex/epstopdf-pkg\
epstopdf-base.sty"
Package: epstopdf-base 2019/11/24 v2.7 Base part for package epstopdf

("D:\Users\Neil Mizzi\AppData\Local\Programs\MiKTeX 2.9\tex/latex/oberdiek\grfe
xt.sty"
Package: grfext 2016/05/16 v1.2 Manage graphics extensions (HO)
)
Package epstopdf-base Info: Redefining graphics rule for `.eps' on input line 4
42.
Package grfext Info: Graphics extension search list:
(grfext)             [.pdf,.png,.jpg,.mps,.jpeg,.jbig2,.jb2,.PDF,.PNG,.JPG,.JPE
G,.JBIG2,.JB2,.eps]
(grfext)             \AppendGraphicsExtensions on input line 460.
)
\AtBeginShipoutBox=\box32

("D:\Users\Neil Mizzi\AppData\Local\Programs\MiKTeX 2.9\tex/latex/graphics\colo
r.sty"
Package: color 2016/07/10 v1.1e Standard LaTeX Color (DPC)

("D:\Users\Neil Mizzi\AppData\Local\Programs\MiKTeX 2.9\tex/latex/graphics-cfg\
color.cfg"
File: color.cfg 2016/01/02 v1.6 sample color configuration
)
Package color Info: Driver file: pdftex.def on input line 147.
)
Package hyperref Info: Link coloring ON on input line 18.

("D:\Users\Neil Mizzi\AppData\Local\Programs\MiKTeX 2.9\tex/latex/hyperref\name
ref.sty"
Package: nameref 2019/09/16 v2.46 Cross-referencing by name of section

("D:\Users\Neil Mizzi\AppData\Local\Programs\MiKTeX 2.9\tex/latex/oberdiek\refc
ount.sty"
Package: refcount 2016/05/16 v3.5 Data extraction from label references (HO)
)
("D:\Users\Neil Mizzi\AppData\Local\Programs\MiKTeX 2.9\tex/generic/oberdiek\ge
ttitlestring.sty"
Package: gettitlestring 2016/05/16 v1.5 Cleanup title references (HO)
)
\c@section@level=\count109
)
LaTeX Info: Redefining \ref on input line 18.
LaTeX Info: Redefining \pageref on input line 18.
LaTeX Info: Redefining \nameref on input line 18.
 (D:/Projects/MAS_Homework/document\main.out)
(D:/Projects/MAS_Homework/document\main.out)
\@outlinefile=\write3
\openout3 = `main.out'.

 [1

{C:/Users/Neil Mizzi/AppData/Local/MiKTeX/2.9/pdftex/config/pdftex.map}]
LaTeX Font Info:    External font `cmex10' loaded for size
(Font)              <12> on input line 20.
LaTeX Font Info:    External font `cmex10' loaded for size
(Font)              <8> on input line 20.
LaTeX Font Info:    External font `cmex10' loaded for size
(Font)              <6> on input line 20.
<test_results/beta_distributions.png, id=35, 526.96875pt x 353.32pt>
File: test_results/beta_distributions.png Graphic file (type png)
<use test_results/beta_distributions.png>
Package pdftex.def Info: test_results/beta_distributions.png  used on input lin
e 42.
(pdftex.def)             Requested size: 263.48372pt x 176.65956pt.
 [2]
LaTeX Font Info:    Trying to load font information for OMS+cmr on input line 6
1.

("D:\Users\Neil Mizzi\AppData\Local\Programs\MiKTeX 2.9\tex/latex/base\omscmr.f
d"
File: omscmr.fd 2014/09/29 v2.5h Standard LaTeX font definitions
)
LaTeX Font Info:    Font shape `OMS/cmr/m/n' in size <10> not available
(Font)              Font shape `OMS/cmsy/m/n' tried instead on input line 61.
 [3 <D:/Projects/MAS_Homework/document/test_results/beta_distributions.png>]
Package atveryend Info: Empty hook `BeforeClearDocument' on input line 85.
[4]
Package atveryend Info: Empty hook `AfterLastShipout' on input line 85.
 (main.aux)
Package atveryend Info: Executing hook `AtVeryEndDocument' on input line 85.
Package atveryend Info: Executing hook `AtEndAfterFileList' on input line 85.


Package rerunfilecheck Warning: File `main.out' has changed.
(rerunfilecheck)                Rerun to get outlines right
(rerunfilecheck)                or use package `bookmark'.

Package rerunfilecheck Info: Checksums for `main.out':
(rerunfilecheck)             Before: B4164C6465C1BB56D20D5E09BF0CBDAC;464
(rerunfilecheck)             After:  CF5CA356C239583210C87E2785C5C8FE;458.

LaTeX Warning: Label(s) may have changed. Rerun to get cross-references right.

Package atveryend Info: Empty hook `AtVeryVeryEnd' on input line 85.
 )
(\end occurred inside a group at level 1)

### simple group (level 1) entered at line 26 ({)
### bottom level 
Here is how much of TeX's memory you used:
 5385 strings out of 492484
 83778 string characters out of 3119335
 172805 words of memory out of 3000000
 9618 multiletter control sequences out of 15000+200000
 7895 words of font info for 28 fonts, out of 3000000 for 9000
 1141 hyphenation exceptions out of 8191
 47i,8n,28p,531b,4540s stack positions out of 5000i,500n,10000p,200000b,50000s
<D:/Users/Neil Mizzi/AppData/Local/Programs/MiKTeX 2.9/fonts/ty
pe1/public/amsfonts/cm/cmbx10.pfb><D:/Users/Neil Mizzi/AppData/Local/Programs/M
iKTeX 2.9/fonts/type1/public/amsfonts/cm/cmbx12.pfb><D:/Users/Neil Mizzi/AppDat
a/Local/Programs/MiKTeX 2.9/fonts/type1/public/amsfonts/cm/cmmi10.pfb><D:/Users
/Neil Mizzi/AppData/Local/Programs/MiKTeX 2.9/fonts/type1/public/amsfonts/cm/cm
mi7.pfb><D:/Users/Neil Mizzi/AppData/Local/Programs/MiKTeX 2.9/fonts/type1/publ
ic/amsfonts/cm/cmr10.pfb><D:/Users/Neil Mizzi/AppData/Local/Programs/MiKTeX 2.9
/fonts/type1/public/amsfonts/cm/cmr12.pfb><D:/Users/Neil Mizzi/AppData/Local/Pr
ograms/MiKTeX 2.9/fonts/type1/public/amsfonts/cm/cmr17.pfb><D:/Users/Neil Mizzi
/AppData/Local/Programs/MiKTeX 2.9/fonts/type1/public/amsfonts/cm/cmr7.pfb><D:/
Users/Neil Mizzi/AppData/Local/Programs/MiKTeX 2.9/fonts/type1/public/amsfonts/
cm/cmsy10.pfb><D:/Users/Neil Mizzi/AppData/Local/Programs/MiKTeX 2.9/fonts/type
1/public/amsfonts/cm/cmsy7.pfb>
Output written on main.pdf (4 pages, 140635 bytes).
PDF statistics:
 107 PDF objects out of 1000 (max. 8388607)
 21 named destinations out of 1000 (max. 500000)
 54 words of extra memory for PDF output out of 10000 (max. 10000000)

